0 info it worked if it ends with ok
1 verbose cli [ 'node', '/usr/local/bin/npm', 'install', 'execsync' ]
2 info using npm@1.1.62
3 info using node@v0.8.11
4 verbose read json /Users/andrewlb/src/relay_client/fishtnk-owl/server/package.json
5 warn package.json fishtnk-owl@0.0.1 No README.md file found!
6 verbose read json /Users/andrewlb/src/relay_client/fishtnk-owl/server/node_modules/express/package.json
7 verbose read json /Users/andrewlb/src/relay_client/fishtnk-owl/server/node_modules/gpio/package.json
8 verbose from cache /Users/andrewlb/src/relay_client/fishtnk-owl/server/package.json
9 verbose readDependencies using package.json deps
10 verbose cache add [ 'execsync', null ]
11 silly cache add name=undefined spec="execsync" args=["execsync",null]
12 verbose parsed url { pathname: 'execsync', path: 'execsync', href: 'execsync' }
13 silly lockFile 19b4b40c-execsync execsync
14 verbose lock execsync /Users/andrewlb/.npm/19b4b40c-execsync.lock
15 silly lockFile 19b4b40c-execsync execsync
16 verbose addNamed [ 'execsync', '' ]
17 verbose addNamed [ null, '' ]
18 silly lockFile 6b928435-execsync execsync@
19 verbose lock execsync@ /Users/andrewlb/.npm/6b928435-execsync.lock
20 silly addNameRange { name: 'execsync', range: '', hasData: false }
21 verbose url raw execsync
22 verbose url resolving [ 'https://registry.npmjs.org/', './execsync' ]
23 verbose url resolved https://registry.npmjs.org/execsync
24 info trying registry request attempt 1 at 10:57:25
25 http GET https://registry.npmjs.org/execsync
26 http 404 https://registry.npmjs.org/execsync
27 silly registry.get cb [ 404,
27 silly registry.get   { server: 'CouchDB/1.2.0 (Erlang OTP/R15B)',
27 silly registry.get     date: 'Wed, 10 Oct 2012 14:57:22 GMT',
27 silly registry.get     'content-type': 'application/json',
27 silly registry.get     'content-length': '52',
27 silly registry.get     'cache-control': 'must-revalidate' } ]
28 silly lockFile 6b928435-execsync execsync@
29 error 404 'execsync' is not in the npm registry.
29 error 404 You should bug the author to publish it
29 error 404
29 error 404 Note that you can also install from a
29 error 404 tarball, folder, or http url, or git url.
30 error System Darwin 11.4.0
31 error command "node" "/usr/local/bin/npm" "install" "execsync"
32 error cwd /Users/andrewlb/src/relay_client/fishtnk-owl/server
33 error node -v v0.8.11
34 error npm -v 1.1.62
35 error code E404
36 verbose exit [ 1, true ]
